[debug] [2022-11-12T15:20:11.224Z] ----------------------------------------------------------------------
[debug] [2022-11-12T15:20:11.226Z] Command:       C:\Program Files\nodejs\node.exe C:\Users\k sagar\AppData\Roaming\npm\node_modules\firebase-tools\lib\bin\firebase.js emulators:start
[debug] [2022-11-12T15:20:11.227Z] CLI Version:   11.14.4
[debug] [2022-11-12T15:20:11.227Z] Platform:      win32
[debug] [2022-11-12T15:20:11.227Z] Node Version:  v16.15.1
[debug] [2022-11-12T15:20:11.234Z] Time:          Sat Nov 12 2022 20:50:11 GMT+0530 (India Standard Time)
[debug] [2022-11-12T15:20:11.235Z] ----------------------------------------------------------------------
[debug] 
[debug] [2022-11-12T15:20:11.239Z] >>> [apiv2][query] GET https://firebase-public.firebaseio.com/cli.json [none]
[debug] [2022-11-12T15:20:11.334Z] > command requires scopes: ["email","openid","https://www.googleapis.com/auth/cloudplatformprojects.readonly","https://www.googleapis.com/auth/firebase","https://www.googleapis.com/auth/cloud-platform"]
[debug] [2022-11-12T15:20:11.335Z] > authorizing via signed-in user (sagar22krishna03@gmail.com)
[info] i  emulators: Starting emulators: functions, hosting {"metadata":{"emulator":{"name":"hub"},"message":"Starting emulators: functions, hosting"}}
[debug] [2022-11-12T15:20:11.351Z] [logging] Logging Emulator only supports listening on one address (127.0.0.1). Not listening on ::1
[debug] [2022-11-12T15:20:11.351Z] [hosting] Hosting Emulator only supports listening on one address (127.0.0.1). Not listening on ::1
[debug] [2022-11-12T15:20:11.351Z] assigned listening specs for emulators {"user":{"hub":[{"address":"127.0.0.1","family":"IPv4","port":4400},{"address":"::1","family":"IPv6","port":4400}],"ui":[{"address":"127.0.0.1","family":"IPv4","port":4000},{"address":"::1","family":"IPv6","port":4000}],"logging":[{"address":"127.0.0.1","family":"IPv4","port":4500}],"hosting":[{"address":"127.0.0.1","family":"IPv4","port":5000}]},"metadata":{"message":"assigned listening specs for emulators"}}
[debug] [2022-11-12T15:20:11.363Z] [hub] writing locator at C:\Users\KSAGAR~1\AppData\Local\Temp\hub-clone-6f9dc.json
[debug] [2022-11-12T15:20:11.388Z] [functions] Functions Emulator only supports listening on one address (127.0.0.1). Not listening on ::1
[debug] [2022-11-12T15:20:11.388Z] [eventarc] Eventarc Emulator only supports listening on one address (127.0.0.1). Not listening on ::1
[debug] [2022-11-12T15:20:11.388Z] late-assigned ports for functions and eventarc emulators {"user":{"hub":[{"address":"127.0.0.1","family":"IPv4","port":4400},{"address":"::1","family":"IPv6","port":4400}],"ui":[{"address":"127.0.0.1","family":"IPv4","port":4000},{"address":"::1","family":"IPv6","port":4000}],"logging":[{"address":"127.0.0.1","family":"IPv4","port":4500}],"hosting":[{"address":"127.0.0.1","family":"IPv4","port":5000}],"functions":[{"address":"127.0.0.1","family":"IPv4","port":5001}],"eventarc":[{"address":"127.0.0.1","family":"IPv4","port":9299}]},"metadata":{"message":"late-assigned ports for functions and eventarc emulators"}}
[warn] !  functions: The following emulators are not running, calls to these services from the Functions emulator will affect production: auth, firestore, database, pubsub, storage {"metadata":{"emulator":{"name":"functions"},"message":"The following emulators are not running, calls to these services from the Functions emulator will affect production: \u001b[1mauth, firestore, database, pubsub, storage\u001b[22m"}}
[info] +  functions: Using node@16 from host. {"metadata":{"emulator":{"name":"functions"},"message":"Using node@16 from host."}}
[debug] [2022-11-12T15:20:11.444Z] defaultcredentials: writing to file C:\Users\k sagar\AppData\Roaming\firebase\sagar22krishna03_gmail_com_application_default_credentials.json
[debug] [2022-11-12T15:20:11.456Z] Setting GAC to C:\Users\k sagar\AppData\Roaming\firebase\sagar22krishna03_gmail_com_application_default_credentials.json {"metadata":{"emulator":{"name":"functions"},"message":"Setting GAC to C:\\Users\\k sagar\\AppData\\Roaming\\firebase\\sagar22krishna03_gmail_com_application_default_credentials.json"}}
[debug] [2022-11-12T15:20:11.457Z] > refreshing access token with scopes: []
[debug] [2022-11-12T15:20:11.458Z] >>> [apiv2][query] POST https://www.googleapis.com/oauth2/v3/token [none]
[debug] [2022-11-12T15:20:11.458Z] >>> [apiv2][body] POST https://www.googleapis.com/oauth2/v3/token [omitted]
[debug] [2022-11-12T15:20:11.601Z] <<< [apiv2][status] POST https://www.googleapis.com/oauth2/v3/token 200
[debug] [2022-11-12T15:20:11.602Z] <<< [apiv2][body] POST https://www.googleapis.com/oauth2/v3/token [omitted]
[debug] [2022-11-12T15:20:11.620Z] >>> [apiv2][query] GET https://firebase.googleapis.com/v1beta1/projects/clone-6f9dc/adminSdkConfig [none]
[debug] [2022-11-12T15:20:11.997Z] <<< [apiv2][status] GET https://firebase-public.firebaseio.com/cli.json 200
[debug] [2022-11-12T15:20:11.997Z] <<< [apiv2][body] GET https://firebase-public.firebaseio.com/cli.json {"cloudBuildErrorAfter":1594252800000,"cloudBuildWarnAfter":1590019200000,"defaultNode10After":1594252800000,"minVersion":"3.0.5","node8DeploysDisabledAfter":1613390400000,"node8RuntimeDisabledAfter":1615809600000,"node8WarnAfter":1600128000000}
[debug] [2022-11-12T15:20:12.302Z] <<< [apiv2][status] GET https://firebase.googleapis.com/v1beta1/projects/clone-6f9dc/adminSdkConfig 200
[debug] [2022-11-12T15:20:12.302Z] <<< [apiv2][body] GET https://firebase.googleapis.com/v1beta1/projects/clone-6f9dc/adminSdkConfig {"projectId":"clone-6f9dc","storageBucket":"clone-6f9dc.appspot.com","locationId":"us-central"}
[debug] [2022-11-12T15:20:12.320Z] >>> [apiv2][query] GET https://firebasehosting.googleapis.com/v1beta1/projects/clone-6f9dc/sites 
[debug] [2022-11-12T15:20:13.329Z] <<< [apiv2][status] GET https://firebasehosting.googleapis.com/v1beta1/projects/clone-6f9dc/sites 200
[debug] [2022-11-12T15:20:13.330Z] <<< [apiv2][body] GET https://firebasehosting.googleapis.com/v1beta1/projects/clone-6f9dc/sites {"sites":[{"name":"projects/clone-6f9dc/sites/clone-6f9dc","defaultUrl":"https://clone-6f9dc.web.app","appId":"1:121377179512:web:bba62904ec5e19fac3aa8d","type":"DEFAULT_SITE"}]}
[debug] [2022-11-12T15:20:13.330Z] >>> [apiv2][query] GET https://firebase.googleapis.com/v1beta1/projects/clone-6f9dc/webApps/1:121377179512:web:bba62904ec5e19fac3aa8d/config [none]
[debug] [2022-11-12T15:20:14.967Z] <<< [apiv2][status] GET https://firebase.googleapis.com/v1beta1/projects/clone-6f9dc/webApps/1:121377179512:web:bba62904ec5e19fac3aa8d/config 200
[debug] [2022-11-12T15:20:14.967Z] <<< [apiv2][body] GET https://firebase.googleapis.com/v1beta1/projects/clone-6f9dc/webApps/1:121377179512:web:bba62904ec5e19fac3aa8d/config {"projectId":"clone-6f9dc","appId":"1:121377179512:web:bba62904ec5e19fac3aa8d","storageBucket":"clone-6f9dc.appspot.com","locationId":"us-central","apiKey":"AIzaSyALHEhDiWj2JCbBNXn8Rxh8jAj8I-YVN88","authDomain":"clone-6f9dc.firebaseapp.com","messagingSenderId":"121377179512","measurementId":"G-QD10XFEVE6"}
[debug] [2022-11-12T15:20:15.010Z] >>> [apiv2][query] GET https://firebase.googleapis.com/v1beta1/projects/clone-6f9dc [none]
[debug] [2022-11-12T15:20:15.476Z] <<< [apiv2][status] GET https://firebase.googleapis.com/v1beta1/projects/clone-6f9dc 200
[debug] [2022-11-12T15:20:15.476Z] <<< [apiv2][body] GET https://firebase.googleapis.com/v1beta1/projects/clone-6f9dc {"projectId":"clone-6f9dc","projectNumber":"121377179512","displayName":"Amazon-clone","name":"projects/clone-6f9dc","resources":{"hostingSite":"clone-6f9dc","storageBucket":"clone-6f9dc.appspot.com","locationId":"us-central"},"state":"ACTIVE","etag":"1_05f43fca-f470-47c3-b24b-9aa5afcfa5db"}
[info] i  hosting[clone-6f9dc]: Serving hosting files from: build {"metadata":{"emulator":{"name":"hosting"},"message":"Serving hosting files from: \u001b[1mbuild\u001b[22m"}}
[info] +  hosting[clone-6f9dc]: Local server: http://127.0.0.1:5000 {"metadata":{"emulator":{"name":"hosting"},"message":"Local server: \u001b[4m\u001b[1mhttp://127.0.0.1:5000\u001b[22m\u001b[24m"}}
[debug] [2022-11-12T15:20:15.507Z] Ignoring unsupported arg: auto_download {"metadata":{"emulator":{"name":"ui"},"message":"Ignoring unsupported arg: auto_download"}}
[debug] [2022-11-12T15:20:15.507Z] Ignoring unsupported arg: port {"metadata":{"emulator":{"name":"ui"},"message":"Ignoring unsupported arg: port"}}
[debug] [2022-11-12T15:20:15.507Z] Starting Emulator UI with command {"binary":"node","args":["C:\\Users\\k sagar\\.cache\\firebase\\emulators\\ui-v1.11.1\\server\\server.js"],"optionalArgs":[],"joinArgs":false} {"metadata":{"emulator":{"name":"ui"},"message":"Starting Emulator UI with command {\"binary\":\"node\",\"args\":[\"C:\\\\Users\\\\k sagar\\\\.cache\\\\firebase\\\\emulators\\\\ui-v1.11.1\\\\server\\\\server.js\"],\"optionalArgs\":[],\"joinArgs\":false}"}}
[info] i  ui: Emulator UI logging to ui-debug.log {"metadata":{"emulator":{"name":"ui"},"message":"Emulator UI logging to \u001b[1mui-debug.log\u001b[22m"}}
[debug] [2022-11-12T15:20:15.688Z] Web / API server started at 127.0.0.1:4000
Web / API server started at ::1:4000
 {"metadata":{"emulator":{"name":"ui"},"message":"Web / API server started at 127.0.0.1:4000\nWeb / API server started at ::1:4000\n"}}
[info] i  functions: Watching "C:\Users\k sagar\OneDrive\Desktop\amazon-cln\functions" for Cloud Functions... {"metadata":{"emulator":{"name":"functions"},"message":"Watching \"C:\\Users\\k sagar\\OneDrive\\Desktop\\amazon-cln\\functions\" for Cloud Functions..."}}
[debug] [2022-11-12T15:20:15.784Z] Validating nodejs source
[warn] !  functions: package.json indicates an outdated version of firebase-functions. Please upgrade using npm install --save firebase-functions@latest in your functions directory. 
[warn] !  functions: Please note that there will be breaking changes when you upgrade. 
[debug] [2022-11-12T15:20:18.595Z] > [functions] package.json contents: {
  "name": "functions",
  "description": "Cloud Functions for Firebase",
  "scripts": {
    "lint": "eslint .",
    "serve": "firebase emulators:start --only functions",
    "shell": "firebase functions:shell",
    "start": "npm run shell",
    "deploy": "firebase deploy --only functions",
    "logs": "firebase functions:log"
  },
  "engines": {
    "node": "16"
  },
  "main": "index.js",
  "dependencies": {
    "cors": "^2.8.5",
    "express": "^4.18.2",
    "firebase-admin": "^10.0.2",
    "firebase-functions": "^3.18.0",
    "stripe": "^10.15.0"
  },
  "devDependencies": {
    "@babel/eslint-parser": "^7.19.1",
    "babel-eslint": "^10.1.0",
    "eslint": "^8.27.0",
    "eslint-config-google": "^0.14.0",
    "firebase-functions-test": "^0.2.0"
  },
  "private": true
}
[debug] [2022-11-12T15:20:18.596Z] Building nodejs source
[debug] [2022-11-12T15:20:18.597Z] Analyzing nodejs backend spec
[debug] [2022-11-12T15:20:18.598Z] Could not find functions.yaml. Must use http discovery
[debug] [2022-11-12T15:20:19.076Z] Serving at port 9005

[debug] [2022-11-12T15:20:19.350Z] Got response from /__/functions.yaml {"endpoints":{"api":{"platform":"gcfv1","httpsTrigger":{},"entryPoint":"api"}},"specVersion":"v1alpha1","requiredAPIs":[]}
[debug] [2022-11-12T15:20:19.360Z] shutdown requested via /__/quitquitquit

[info] +  functions: Loaded functions definitions from source: api. {"metadata":{"emulator":{"name":"functions"},"message":"Loaded functions definitions from source: api."}}
[info] +  functions[us-central1-api]: http function initialized (http://127.0.0.1:5001/clone-6f9dc/us-central1/api). {"metadata":{"emulator":{"name":"functions"},"message":"\u001b[1mhttp\u001b[22m function initialized (http://127.0.0.1:5001/clone-6f9dc/us-central1/api)."}}
[info] 
┌─────────────────────────────────────────────────────────────┐
│ ✔  All emulators ready! It is now safe to connect your app. │
│ i  View Emulator UI at http://127.0.0.1:4000/               │
└─────────────────────────────────────────────────────────────┘

┌───────────┬────────────────┬─────────────────────────────────┐
│ Emulator  │ Host:Port      │ View in Emulator UI             │
├───────────┼────────────────┼─────────────────────────────────┤
│ Functions │ 127.0.0.1:5001 │ http://127.0.0.1:4000/functions │
├───────────┼────────────────┼─────────────────────────────────┤
│ Hosting   │ 127.0.0.1:5000 │ n/a                             │
└───────────┴────────────────┴─────────────────────────────────┘
  Emulator Hub running at 127.0.0.1:4400
  Other reserved ports: 4500

Issues? Report them at https://github.com/firebase/firebase-tools/issues and attach the *-debug.log files.
 
[debug] [2022-11-12T15:20:41.022Z] [work-queue] {"queueLength":1,"workRunningCount":0}
[debug] [2022-11-12T15:20:41.023Z] [work-queue] {"queueLength":0,"workRunningCount":1}
[debug] [2022-11-12T15:20:41.023Z] Accepted request GET /clone-6f9dc/us-central1/api --> us-central1-api
[debug] [2022-11-12T15:20:41.028Z] [functions] Runtime ready! Sending request! {"metadata":{"emulator":{"name":"functions"},"message":"[functions] Runtime ready! Sending request!"}}
[debug] [2022-11-12T15:20:41.029Z] [functions] Got req.url=/clone-6f9dc/us-central1/api, mapping to path=/ {"metadata":{"emulator":{"name":"functions"},"message":"[functions] Got req.url=/clone-6f9dc/us-central1/api, mapping to path=/"}}
[debug] [2022-11-12T15:20:41.051Z] [worker-pool] addWorker(us-central1-api) {"metadata":{"emulator":{"name":"functions"},"message":"[worker-pool] addWorker(us-central1-api)"}}
[debug] [2022-11-12T15:20:41.051Z] [worker-pool] Adding worker with key us-central1-api, total=1 {"metadata":{"emulator":{"name":"functions"},"message":"[worker-pool] Adding worker with key us-central1-api, total=1"}}
[debug] [2022-11-12T15:20:42.469Z] [runtime-status] [18580] Resolved module firebase-admin {"declared":true,"installed":true,"version":"10.3.0","resolution":"C:\\Users\\k sagar\\OneDrive\\Desktop\\amazon-cln\\functions\\node_modules\\firebase-admin\\lib\\index.js"} {"metadata":{"emulator":{"name":"functions"},"function":{"name":"us-central1-api"},"extension":{},"message":"[runtime-status] [18580] Resolved module firebase-admin {\"declared\":true,\"installed\":true,\"version\":\"10.3.0\",\"resolution\":\"C:\\\\Users\\\\k sagar\\\\OneDrive\\\\Desktop\\\\amazon-cln\\\\functions\\\\node_modules\\\\firebase-admin\\\\lib\\\\index.js\"}"}}
[debug] [2022-11-12T15:20:42.473Z] [runtime-status] [18580] Resolved module firebase-functions {"declared":true,"installed":true,"version":"3.24.1","resolution":"C:\\Users\\k sagar\\OneDrive\\Desktop\\amazon-cln\\functions\\node_modules\\firebase-functions\\lib\\index.js"} {"metadata":{"emulator":{"name":"functions"},"function":{"name":"us-central1-api"},"extension":{},"message":"[runtime-status] [18580] Resolved module firebase-functions {\"declared\":true,\"installed\":true,\"version\":\"3.24.1\",\"resolution\":\"C:\\\\Users\\\\k sagar\\\\OneDrive\\\\Desktop\\\\amazon-cln\\\\functions\\\\node_modules\\\\firebase-functions\\\\lib\\\\index.js\"}"}}
[debug] [2022-11-12T15:20:42.474Z] [runtime-status] [18580] Outgoing network have been stubbed. [{"name":"http","status":"mocked"},{"name":"http","status":"mocked"},{"name":"https","status":"mocked"},{"name":"https","status":"mocked"},{"name":"net","status":"mocked"}] {"metadata":{"emulator":{"name":"functions"},"function":{"name":"us-central1-api"},"extension":{},"message":"[runtime-status] [18580] Outgoing network have been stubbed. [{\"name\":\"http\",\"status\":\"mocked\"},{\"name\":\"http\",\"status\":\"mocked\"},{\"name\":\"https\",\"status\":\"mocked\"},{\"name\":\"https\",\"status\":\"mocked\"},{\"name\":\"net\",\"status\":\"mocked\"}]"}}
[debug] [2022-11-12T15:20:42.475Z] [runtime-status] [18580] Resolved module firebase-functions {"declared":true,"installed":true,"version":"3.24.1","resolution":"C:\\Users\\k sagar\\OneDrive\\Desktop\\amazon-cln\\functions\\node_modules\\firebase-functions\\lib\\index.js"} {"metadata":{"emulator":{"name":"functions"},"function":{"name":"us-central1-api"},"extension":{},"message":"[runtime-status] [18580] Resolved module firebase-functions {\"declared\":true,\"installed\":true,\"version\":\"3.24.1\",\"resolution\":\"C:\\\\Users\\\\k sagar\\\\OneDrive\\\\Desktop\\\\amazon-cln\\\\functions\\\\node_modules\\\\firebase-functions\\\\lib\\\\index.js\"}"}}
[debug] [2022-11-12T15:20:42.529Z] [runtime-status] [18580] Checked functions.config() {"config":{}} {"metadata":{"emulator":{"name":"functions"},"function":{"name":"us-central1-api"},"extension":{},"message":"[runtime-status] [18580] Checked functions.config() {\"config\":{}}"}}
[debug] [2022-11-12T15:20:42.531Z] [runtime-status] [18580] firebase-functions has been stubbed. {"functionsResolution":{"declared":true,"installed":true,"version":"3.24.1","resolution":"C:\\Users\\k sagar\\OneDrive\\Desktop\\amazon-cln\\functions\\node_modules\\firebase-functions\\lib\\index.js"}} {"metadata":{"emulator":{"name":"functions"},"function":{"name":"us-central1-api"},"extension":{},"message":"[runtime-status] [18580] firebase-functions has been stubbed. {\"functionsResolution\":{\"declared\":true,\"installed\":true,\"version\":\"3.24.1\",\"resolution\":\"C:\\\\Users\\\\k sagar\\\\OneDrive\\\\Desktop\\\\amazon-cln\\\\functions\\\\node_modules\\\\firebase-functions\\\\lib\\\\index.js\"}}"}}
[debug] [2022-11-12T15:20:42.531Z] [runtime-status] [18580] Resolved module firebase-functions {"declared":true,"installed":true,"version":"3.24.1","resolution":"C:\\Users\\k sagar\\OneDrive\\Desktop\\amazon-cln\\functions\\node_modules\\firebase-functions\\lib\\index.js"} {"metadata":{"emulator":{"name":"functions"},"function":{"name":"us-central1-api"},"extension":{},"message":"[runtime-status] [18580] Resolved module firebase-functions {\"declared\":true,\"installed\":true,\"version\":\"3.24.1\",\"resolution\":\"C:\\\\Users\\\\k sagar\\\\OneDrive\\\\Desktop\\\\amazon-cln\\\\functions\\\\node_modules\\\\firebase-functions\\\\lib\\\\index.js\"}"}}
[debug] [2022-11-12T15:20:42.532Z] [runtime-status] [18580] Resolved module firebase-admin {"declared":true,"installed":true,"version":"10.3.0","resolution":"C:\\Users\\k sagar\\OneDrive\\Desktop\\amazon-cln\\functions\\node_modules\\firebase-admin\\lib\\index.js"} {"metadata":{"emulator":{"name":"functions"},"function":{"name":"us-central1-api"},"extension":{},"message":"[runtime-status] [18580] Resolved module firebase-admin {\"declared\":true,\"installed\":true,\"version\":\"10.3.0\",\"resolution\":\"C:\\\\Users\\\\k sagar\\\\OneDrive\\\\Desktop\\\\amazon-cln\\\\functions\\\\node_modules\\\\firebase-admin\\\\lib\\\\index.js\"}"}}
[debug] [2022-11-12T15:20:42.532Z] [runtime-status] [18580] Resolved module firebase-functions {"declared":true,"installed":true,"version":"3.24.1","resolution":"C:\\Users\\k sagar\\OneDrive\\Desktop\\amazon-cln\\functions\\node_modules\\firebase-functions\\lib\\index.js"} {"metadata":{"emulator":{"name":"functions"},"function":{"name":"us-central1-api"},"extension":{},"message":"[runtime-status] [18580] Resolved module firebase-functions {\"declared\":true,\"installed\":true,\"version\":\"3.24.1\",\"resolution\":\"C:\\\\Users\\\\k sagar\\\\OneDrive\\\\Desktop\\\\amazon-cln\\\\functions\\\\node_modules\\\\firebase-functions\\\\lib\\\\index.js\"}"}}
[debug] [2022-11-12T15:20:42.533Z] [runtime-status] [18580] firebase-admin has been stubbed. {"adminResolution":{"declared":true,"installed":true,"version":"10.3.0","resolution":"C:\\Users\\k sagar\\OneDrive\\Desktop\\amazon-cln\\functions\\node_modules\\firebase-admin\\lib\\index.js"}} {"metadata":{"emulator":{"name":"functions"},"function":{"name":"us-central1-api"},"extension":{},"message":"[runtime-status] [18580] firebase-admin has been stubbed. {\"adminResolution\":{\"declared\":true,\"installed\":true,\"version\":\"10.3.0\",\"resolution\":\"C:\\\\Users\\\\k sagar\\\\OneDrive\\\\Desktop\\\\amazon-cln\\\\functions\\\\node_modules\\\\firebase-admin\\\\lib\\\\index.js\"}}"}}
[debug] [2022-11-12T15:20:42.757Z] [runtime-status] [18580] Functions runtime initialized. {"cwd":"C:\\Users\\k sagar\\OneDrive\\Desktop\\amazon-cln\\functions","node_version":"16.15.1"} {"metadata":{"emulator":{"name":"functions"},"function":{"name":"us-central1-api"},"extension":{},"message":"[runtime-status] [18580] Functions runtime initialized. {\"cwd\":\"C:\\\\Users\\\\k sagar\\\\OneDrive\\\\Desktop\\\\amazon-cln\\\\functions\",\"node_version\":\"16.15.1\"}"}}
[debug] [2022-11-12T15:20:42.758Z] [runtime-status] [18580] Listening to port: \\?\pipe\fire_emu_f6075b000d539f6d {"metadata":{"emulator":{"name":"functions"},"function":{"name":"us-central1-api"},"extension":{},"message":"[runtime-status] [18580] Listening to port: \\\\?\\pipe\\fire_emu_f6075b000d539f6d"}}
[debug] [2022-11-12T15:20:42.819Z] [worker-pool] submitRequest(triggerId=us-central1-api) {"metadata":{"emulator":{"name":"functions"},"message":"[worker-pool] submitRequest(triggerId=us-central1-api)"}}
[debug] [2022-11-12T15:20:42.820Z] [worker-us-central1-api-73f7903d-3d83-4a6b-bde6-19753fd2faba]: BUSY {"metadata":{"emulator":{"name":"functions"},"message":"[worker-us-central1-api-73f7903d-3d83-4a6b-bde6-19753fd2faba]: BUSY"}}
[info] i  functions: Beginning execution of "api" {"metadata":{"emulator":{"name":"functions"},"function":{"name":"us-central1-api"},"extension":{},"message":"Beginning execution of \"api\""}}
[debug] [2022-11-12T15:20:42.826Z] [worker-us-central1-api-73f7903d-3d83-4a6b-bde6-19753fd2faba]: IDLE {"metadata":{"emulator":{"name":"functions"},"message":"[worker-us-central1-api-73f7903d-3d83-4a6b-bde6-19753fd2faba]: IDLE"}}
[debug] [2022-11-12T15:20:42.827Z] [work-queue] {"queueLength":0,"workRunningCount":0}
[info] i  functions: Finished "api" in 3.6486ms {"metadata":{"emulator":{"name":"functions"},"function":{"name":"us-central1-api"},"extension":{},"message":"Finished \"api\" in 3.6486ms"}}
[debug] [2022-11-12T15:20:42.891Z] Functions emulator received unknown request at path /favicon.ico
[debug] [2022-11-12T15:21:11.769Z] [work-queue] {"queueLength":1,"workRunningCount":0}
[debug] [2022-11-12T15:21:11.769Z] [work-queue] {"queueLength":0,"workRunningCount":1}
[debug] [2022-11-12T15:21:11.770Z] Accepted request POST /clone-6f9dc/us-central1/api/payments/create?total=400000 --> us-central1-api
[debug] [2022-11-12T15:21:11.794Z] [functions] Runtime ready! Sending request! {"metadata":{"emulator":{"name":"functions"},"message":"[functions] Runtime ready! Sending request!"}}
[debug] [2022-11-12T15:21:11.794Z] [functions] Got req.url=/clone-6f9dc/us-central1/api/payments/create?total=400000, mapping to path=/payments/create?total=400000 {"metadata":{"emulator":{"name":"functions"},"message":"[functions] Got req.url=/clone-6f9dc/us-central1/api/payments/create?total=400000, mapping to path=/payments/create?total=400000"}}
[debug] [2022-11-12T15:21:11.794Z] [worker-pool] submitRequest(triggerId=us-central1-api) {"metadata":{"emulator":{"name":"functions"},"message":"[worker-pool] submitRequest(triggerId=us-central1-api)"}}
[debug] [2022-11-12T15:21:11.794Z] [worker-us-central1-api-73f7903d-3d83-4a6b-bde6-19753fd2faba]: BUSY {"metadata":{"emulator":{"name":"functions"},"message":"[worker-us-central1-api-73f7903d-3d83-4a6b-bde6-19753fd2faba]: BUSY"}}
[debug] [2022-11-12T15:21:11.796Z] [work-queue] {"queueLength":1,"workRunningCount":1}
[debug] [2022-11-12T15:21:11.796Z] [work-queue] {"queueLength":0,"workRunningCount":2}
[debug] [2022-11-12T15:21:11.796Z] Accepted request POST /clone-6f9dc/us-central1/api/payments/create?total=400000 --> us-central1-api
[debug] [2022-11-12T15:21:11.803Z] [functions] Runtime ready! Sending request! {"metadata":{"emulator":{"name":"functions"},"message":"[functions] Runtime ready! Sending request!"}}
[debug] [2022-11-12T15:21:11.804Z] [functions] Got req.url=/clone-6f9dc/us-central1/api/payments/create?total=400000, mapping to path=/payments/create?total=400000 {"metadata":{"emulator":{"name":"functions"},"message":"[functions] Got req.url=/clone-6f9dc/us-central1/api/payments/create?total=400000, mapping to path=/payments/create?total=400000"}}
[debug] [2022-11-12T15:21:11.831Z] [worker-pool] addWorker(us-central1-api) {"metadata":{"emulator":{"name":"functions"},"message":"[worker-pool] addWorker(us-central1-api)"}}
[debug] [2022-11-12T15:21:11.831Z] [worker-pool] Adding worker with key us-central1-api, total=2 {"metadata":{"emulator":{"name":"functions"},"message":"[worker-pool] Adding worker with key us-central1-api, total=2"}}
[info] i  functions: Beginning execution of "api" {"metadata":{"emulator":{"name":"functions"},"function":{"name":"us-central1-api"},"extension":{},"message":"Beginning execution of \"api\""}}
[info] >  C:\Users\k sagar\OneDrive\Desktop\amazon-cln\functions\node_modules\express\lib\response.js:268 {"user":"C:\\Users\\k sagar\\OneDrive\\Desktop\\amazon-cln\\functions\\node_modules\\express\\lib\\response.js:268\r","metadata":{"emulator":{"name":"functions"},"function":{"name":"us-central1-api"},"extension":{},"message":"\u001b[90m> \u001b[39m C:\\Users\\k sagar\\OneDrive\\Desktop\\amazon-cln\\functions\\node_modules\\express\\lib\\response.js:268\r"}}
[info] >    var escape = app.get('json escape') {"user":"  var escape = app.get('json escape')\r","metadata":{"emulator":{"name":"functions"},"function":{"name":"us-central1-api"},"extension":{},"message":"\u001b[90m> \u001b[39m   var escape = app.get('json escape')\r"}}
[info] >                     ^ {"user":"                   ^\r","metadata":{"emulator":{"name":"functions"},"function":{"name":"us-central1-api"},"extension":{},"message":"\u001b[90m> \u001b[39m                    ^\r"}}
[info] >   {"user":"\r","metadata":{"emulator":{"name":"functions"},"function":{"name":"us-central1-api"},"extension":{},"message":"\u001b[90m> \u001b[39m \r"}}
[info] >  TypeError: Cannot read properties of undefined (reading 'get') {"user":"TypeError: Cannot read properties of undefined (reading 'get')\r","metadata":{"emulator":{"name":"functions"},"function":{"name":"us-central1-api"},"extension":{},"message":"\u001b[90m> \u001b[39m TypeError: Cannot read properties of undefined (reading 'get')\r"}}
[info] >      at ServerResponse.json (C:\Users\k sagar\OneDrive\Desktop\amazon-cln\functions\node_modules\express\lib\response.js:268:20) {"user":"    at ServerResponse.json (C:\\Users\\k sagar\\OneDrive\\Desktop\\amazon-cln\\functions\\node_modules\\express\\lib\\response.js:268:20)\r","metadata":{"emulator":{"name":"functions"},"function":{"name":"us-central1-api"},"extension":{},"message":"\u001b[90m> \u001b[39m     at ServerResponse.json (C:\\Users\\k sagar\\OneDrive\\Desktop\\amazon-cln\\functions\\node_modules\\express\\lib\\response.js:268:20)\r"}}
[info] >      at ServerResponse.send (C:\Users\k sagar\OneDrive\Desktop\amazon-cln\functions\node_modules\express\lib\response.js:162:21) {"user":"    at ServerResponse.send (C:\\Users\\k sagar\\OneDrive\\Desktop\\amazon-cln\\functions\\node_modules\\express\\lib\\response.js:162:21)\r","metadata":{"emulator":{"name":"functions"},"function":{"name":"us-central1-api"},"extension":{},"message":"\u001b[90m> \u001b[39m     at ServerResponse.send (C:\\Users\\k sagar\\OneDrive\\Desktop\\amazon-cln\\functions\\node_modules\\express\\lib\\response.js:162:21)\r"}}
[info] >      at C:\Users\k sagar\OneDrive\Desktop\amazon-cln\functions\index.js:49:24 {"user":"    at C:\\Users\\k sagar\\OneDrive\\Desktop\\amazon-cln\\functions\\index.js:49:24\r","metadata":{"emulator":{"name":"functions"},"function":{"name":"us-central1-api"},"extension":{},"message":"\u001b[90m> \u001b[39m     at C:\\Users\\k sagar\\OneDrive\\Desktop\\amazon-cln\\functions\\index.js:49:24\r"}}
[info] >      at processTicksAndRejections (node:internal/process/task_queues:96:5) {"user":"    at processTicksAndRejections (node:internal/process/task_queues:96:5)\r","metadata":{"emulator":{"name":"functions"},"function":{"name":"us-central1-api"},"extension":{},"message":"\u001b[90m> \u001b[39m     at processTicksAndRejections (node:internal/process/task_queues:96:5)\r"}}
[debug] [2022-11-12T15:21:12.518Z] [work-queue] {"queueLength":0,"workRunningCount":1}
[debug] [2022-11-12T15:21:12.520Z] [worker-us-central1-api-73f7903d-3d83-4a6b-bde6-19753fd2faba]: exited {"metadata":{"emulator":{"name":"functions"},"message":"[worker-us-central1-api-73f7903d-3d83-4a6b-bde6-19753fd2faba]: exited"}}
[debug] [2022-11-12T15:21:12.520Z] [worker-us-central1-api-73f7903d-3d83-4a6b-bde6-19753fd2faba]: FINISHED {"metadata":{"emulator":{"name":"functions"},"message":"[worker-us-central1-api-73f7903d-3d83-4a6b-bde6-19753fd2faba]: FINISHED"}}
[debug] [2022-11-12T15:21:13.387Z] [runtime-status] [64216] Resolved module firebase-admin {"declared":true,"installed":true,"version":"10.3.0","resolution":"C:\\Users\\k sagar\\OneDrive\\Desktop\\amazon-cln\\functions\\node_modules\\firebase-admin\\lib\\index.js"} {"metadata":{"emulator":{"name":"functions"},"function":{"name":"us-central1-api"},"extension":{},"message":"[runtime-status] [64216] Resolved module firebase-admin {\"declared\":true,\"installed\":true,\"version\":\"10.3.0\",\"resolution\":\"C:\\\\Users\\\\k sagar\\\\OneDrive\\\\Desktop\\\\amazon-cln\\\\functions\\\\node_modules\\\\firebase-admin\\\\lib\\\\index.js\"}"}}
[debug] [2022-11-12T15:21:13.391Z] [runtime-status] [64216] Resolved module firebase-functions {"declared":true,"installed":true,"version":"3.24.1","resolution":"C:\\Users\\k sagar\\OneDrive\\Desktop\\amazon-cln\\functions\\node_modules\\firebase-functions\\lib\\index.js"} {"metadata":{"emulator":{"name":"functions"},"function":{"name":"us-central1-api"},"extension":{},"message":"[runtime-status] [64216] Resolved module firebase-functions {\"declared\":true,\"installed\":true,\"version\":\"3.24.1\",\"resolution\":\"C:\\\\Users\\\\k sagar\\\\OneDrive\\\\Desktop\\\\amazon-cln\\\\functions\\\\node_modules\\\\firebase-functions\\\\lib\\\\index.js\"}"}}
[debug] [2022-11-12T15:21:13.391Z] [runtime-status] [64216] Outgoing network have been stubbed. [{"name":"http","status":"mocked"},{"name":"http","status":"mocked"},{"name":"https","status":"mocked"},{"name":"https","status":"mocked"},{"name":"net","status":"mocked"}] {"metadata":{"emulator":{"name":"functions"},"function":{"name":"us-central1-api"},"extension":{},"message":"[runtime-status] [64216] Outgoing network have been stubbed. [{\"name\":\"http\",\"status\":\"mocked\"},{\"name\":\"http\",\"status\":\"mocked\"},{\"name\":\"https\",\"status\":\"mocked\"},{\"name\":\"https\",\"status\":\"mocked\"},{\"name\":\"net\",\"status\":\"mocked\"}]"}}
[debug] [2022-11-12T15:21:13.392Z] [runtime-status] [64216] Resolved module firebase-functions {"declared":true,"installed":true,"version":"3.24.1","resolution":"C:\\Users\\k sagar\\OneDrive\\Desktop\\amazon-cln\\functions\\node_modules\\firebase-functions\\lib\\index.js"} {"metadata":{"emulator":{"name":"functions"},"function":{"name":"us-central1-api"},"extension":{},"message":"[runtime-status] [64216] Resolved module firebase-functions {\"declared\":true,\"installed\":true,\"version\":\"3.24.1\",\"resolution\":\"C:\\\\Users\\\\k sagar\\\\OneDrive\\\\Desktop\\\\amazon-cln\\\\functions\\\\node_modules\\\\firebase-functions\\\\lib\\\\index.js\"}"}}
[debug] [2022-11-12T15:21:13.442Z] [runtime-status] [64216] Checked functions.config() {"config":{}} {"metadata":{"emulator":{"name":"functions"},"function":{"name":"us-central1-api"},"extension":{},"message":"[runtime-status] [64216] Checked functions.config() {\"config\":{}}"}}
[debug] [2022-11-12T15:21:13.442Z] [runtime-status] [64216] firebase-functions has been stubbed. {"functionsResolution":{"declared":true,"installed":true,"version":"3.24.1","resolution":"C:\\Users\\k sagar\\OneDrive\\Desktop\\amazon-cln\\functions\\node_modules\\firebase-functions\\lib\\index.js"}} {"metadata":{"emulator":{"name":"functions"},"function":{"name":"us-central1-api"},"extension":{},"message":"[runtime-status] [64216] firebase-functions has been stubbed. {\"functionsResolution\":{\"declared\":true,\"installed\":true,\"version\":\"3.24.1\",\"resolution\":\"C:\\\\Users\\\\k sagar\\\\OneDrive\\\\Desktop\\\\amazon-cln\\\\functions\\\\node_modules\\\\firebase-functions\\\\lib\\\\index.js\"}}"}}
[debug] [2022-11-12T15:21:13.443Z] [runtime-status] [64216] Resolved module firebase-functions {"declared":true,"installed":true,"version":"3.24.1","resolution":"C:\\Users\\k sagar\\OneDrive\\Desktop\\amazon-cln\\functions\\node_modules\\firebase-functions\\lib\\index.js"} {"metadata":{"emulator":{"name":"functions"},"function":{"name":"us-central1-api"},"extension":{},"message":"[runtime-status] [64216] Resolved module firebase-functions {\"declared\":true,\"installed\":true,\"version\":\"3.24.1\",\"resolution\":\"C:\\\\Users\\\\k sagar\\\\OneDrive\\\\Desktop\\\\amazon-cln\\\\functions\\\\node_modules\\\\firebase-functions\\\\lib\\\\index.js\"}"}}
[debug] [2022-11-12T15:21:13.445Z] [runtime-status] [64216] Resolved module firebase-admin {"declared":true,"installed":true,"version":"10.3.0","resolution":"C:\\Users\\k sagar\\OneDrive\\Desktop\\amazon-cln\\functions\\node_modules\\firebase-admin\\lib\\index.js"} {"metadata":{"emulator":{"name":"functions"},"function":{"name":"us-central1-api"},"extension":{},"message":"[runtime-status] [64216] Resolved module firebase-admin {\"declared\":true,\"installed\":true,\"version\":\"10.3.0\",\"resolution\":\"C:\\\\Users\\\\k sagar\\\\OneDrive\\\\Desktop\\\\amazon-cln\\\\functions\\\\node_modules\\\\firebase-admin\\\\lib\\\\index.js\"}"}}
[debug] [2022-11-12T15:21:13.445Z] [runtime-status] [64216] Resolved module firebase-functions {"declared":true,"installed":true,"version":"3.24.1","resolution":"C:\\Users\\k sagar\\OneDrive\\Desktop\\amazon-cln\\functions\\node_modules\\firebase-functions\\lib\\index.js"} {"metadata":{"emulator":{"name":"functions"},"function":{"name":"us-central1-api"},"extension":{},"message":"[runtime-status] [64216] Resolved module firebase-functions {\"declared\":true,\"installed\":true,\"version\":\"3.24.1\",\"resolution\":\"C:\\\\Users\\\\k sagar\\\\OneDrive\\\\Desktop\\\\amazon-cln\\\\functions\\\\node_modules\\\\firebase-functions\\\\lib\\\\index.js\"}"}}
[debug] [2022-11-12T15:21:13.446Z] [runtime-status] [64216] firebase-admin has been stubbed. {"adminResolution":{"declared":true,"installed":true,"version":"10.3.0","resolution":"C:\\Users\\k sagar\\OneDrive\\Desktop\\amazon-cln\\functions\\node_modules\\firebase-admin\\lib\\index.js"}} {"metadata":{"emulator":{"name":"functions"},"function":{"name":"us-central1-api"},"extension":{},"message":"[runtime-status] [64216] firebase-admin has been stubbed. {\"adminResolution\":{\"declared\":true,\"installed\":true,\"version\":\"10.3.0\",\"resolution\":\"C:\\\\Users\\\\k sagar\\\\OneDrive\\\\Desktop\\\\amazon-cln\\\\functions\\\\node_modules\\\\firebase-admin\\\\lib\\\\index.js\"}}"}}
[debug] [2022-11-12T15:21:13.631Z] [runtime-status] [64216] Functions runtime initialized. {"cwd":"C:\\Users\\k sagar\\OneDrive\\Desktop\\amazon-cln\\functions","node_version":"16.15.1"} {"metadata":{"emulator":{"name":"functions"},"function":{"name":"us-central1-api"},"extension":{},"message":"[runtime-status] [64216] Functions runtime initialized. {\"cwd\":\"C:\\\\Users\\\\k sagar\\\\OneDrive\\\\Desktop\\\\amazon-cln\\\\functions\",\"node_version\":\"16.15.1\"}"}}
[debug] [2022-11-12T15:21:13.631Z] [runtime-status] [64216] Listening to port: \\?\pipe\fire_emu_c7e704311094f982 {"metadata":{"emulator":{"name":"functions"},"function":{"name":"us-central1-api"},"extension":{},"message":"[runtime-status] [64216] Listening to port: \\\\?\\pipe\\fire_emu_c7e704311094f982"}}
[debug] [2022-11-12T15:21:13.674Z] [worker-pool] submitRequest(triggerId=us-central1-api) {"metadata":{"emulator":{"name":"functions"},"message":"[worker-pool] submitRequest(triggerId=us-central1-api)"}}
[debug] [2022-11-12T15:21:13.675Z] [worker-pool] Cleaned up workers for us-central1-api: 2 --> 1 {"metadata":{"emulator":{"name":"functions"},"message":"[worker-pool] Cleaned up workers for us-central1-api: 2 --> 1"}}
[debug] [2022-11-12T15:21:13.675Z] [worker-us-central1-api-98fd8abf-f7a8-40c5-bb29-c314423e9e69]: BUSY {"metadata":{"emulator":{"name":"functions"},"message":"[worker-us-central1-api-98fd8abf-f7a8-40c5-bb29-c314423e9e69]: BUSY"}}
[info] i  functions: Beginning execution of "api" {"metadata":{"emulator":{"name":"functions"},"function":{"name":"us-central1-api"},"extension":{},"message":"Beginning execution of \"api\""}}
[info] >  C:\Users\k sagar\OneDrive\Desktop\amazon-cln\functions\node_modules\express\lib\response.js:268 {"user":"C:\\Users\\k sagar\\OneDrive\\Desktop\\amazon-cln\\functions\\node_modules\\express\\lib\\response.js:268\r","metadata":{"emulator":{"name":"functions"},"function":{"name":"us-central1-api"},"extension":{},"message":"\u001b[90m> \u001b[39m C:\\Users\\k sagar\\OneDrive\\Desktop\\amazon-cln\\functions\\node_modules\\express\\lib\\response.js:268\r"}}
[info] >    var escape = app.get('json escape') {"user":"  var escape = app.get('json escape')\r","metadata":{"emulator":{"name":"functions"},"function":{"name":"us-central1-api"},"extension":{},"message":"\u001b[90m> \u001b[39m   var escape = app.get('json escape')\r"}}
[info] >                     ^ {"user":"                   ^\r","metadata":{"emulator":{"name":"functions"},"function":{"name":"us-central1-api"},"extension":{},"message":"\u001b[90m> \u001b[39m                    ^\r"}}
[info] >   {"user":"\r","metadata":{"emulator":{"name":"functions"},"function":{"name":"us-central1-api"},"extension":{},"message":"\u001b[90m> \u001b[39m \r"}}
[info] >  TypeError: Cannot read properties of undefined (reading 'get') {"user":"TypeError: Cannot read properties of undefined (reading 'get')\r","metadata":{"emulator":{"name":"functions"},"function":{"name":"us-central1-api"},"extension":{},"message":"\u001b[90m> \u001b[39m TypeError: Cannot read properties of undefined (reading 'get')\r"}}
[info] >      at ServerResponse.json (C:\Users\k sagar\OneDrive\Desktop\amazon-cln\functions\node_modules\express\lib\response.js:268:20) {"user":"    at ServerResponse.json (C:\\Users\\k sagar\\OneDrive\\Desktop\\amazon-cln\\functions\\node_modules\\express\\lib\\response.js:268:20)\r","metadata":{"emulator":{"name":"functions"},"function":{"name":"us-central1-api"},"extension":{},"message":"\u001b[90m> \u001b[39m     at ServerResponse.json (C:\\Users\\k sagar\\OneDrive\\Desktop\\amazon-cln\\functions\\node_modules\\express\\lib\\response.js:268:20)\r"}}
[info] >      at ServerResponse.send (C:\Users\k sagar\OneDrive\Desktop\amazon-cln\functions\node_modules\express\lib\response.js:162:21) {"user":"    at ServerResponse.send (C:\\Users\\k sagar\\OneDrive\\Desktop\\amazon-cln\\functions\\node_modules\\express\\lib\\response.js:162:21)\r","metadata":{"emulator":{"name":"functions"},"function":{"name":"us-central1-api"},"extension":{},"message":"\u001b[90m> \u001b[39m     at ServerResponse.send (C:\\Users\\k sagar\\OneDrive\\Desktop\\amazon-cln\\functions\\node_modules\\express\\lib\\response.js:162:21)\r"}}
[info] >      at C:\Users\k sagar\OneDrive\Desktop\amazon-cln\functions\index.js:49:24 {"user":"    at C:\\Users\\k sagar\\OneDrive\\Desktop\\amazon-cln\\functions\\index.js:49:24\r","metadata":{"emulator":{"name":"functions"},"function":{"name":"us-central1-api"},"extension":{},"message":"\u001b[90m> \u001b[39m     at C:\\Users\\k sagar\\OneDrive\\Desktop\\amazon-cln\\functions\\index.js:49:24\r"}}
[info] >      at processTicksAndRejections (node:internal/process/task_queues:96:5) {"user":"    at processTicksAndRejections (node:internal/process/task_queues:96:5)\r","metadata":{"emulator":{"name":"functions"},"function":{"name":"us-central1-api"},"extension":{},"message":"\u001b[90m> \u001b[39m     at processTicksAndRejections (node:internal/process/task_queues:96:5)\r"}}
[debug] [2022-11-12T15:21:14.369Z] [work-queue] {"queueLength":0,"workRunningCount":0}
[debug] [2022-11-12T15:21:14.381Z] [worker-us-central1-api-98fd8abf-f7a8-40c5-bb29-c314423e9e69]: exited {"metadata":{"emulator":{"name":"functions"},"message":"[worker-us-central1-api-98fd8abf-f7a8-40c5-bb29-c314423e9e69]: exited"}}
[debug] [2022-11-12T15:21:14.381Z] [worker-us-central1-api-98fd8abf-f7a8-40c5-bb29-c314423e9e69]: FINISHED {"metadata":{"emulator":{"name":"functions"},"message":"[worker-us-central1-api-98fd8abf-f7a8-40c5-bb29-c314423e9e69]: FINISHED"}}
[debug] [2022-11-12T17:57:07.833Z] Received signal SIGHUP 1
